<?xml version="1.0" encoding="UTF-8"?>
<!-- Generated by org.testng.reporters.JUnitXMLReporter -->
<testsuite hostname="LAPTOP-8CH8NE70" ignored="0" name="Add Customer Test" tests="4" failures="0" timestamp="2021-07-02T19:04:27 CEST" time="1.674" errors="0">
  <testcase name="addCustomerTest" time="0.895" classname="pl.mwewerek.testcases.AddCustomerTest"/>
  <testcase name="addCustomerTest" time="0.293" classname="pl.mwewerek.testcases.AddCustomerTest"/>
  <testcase name="addCustomerTest" time="0.332" classname="pl.mwewerek.testcases.AddCustomerTest"/>
  <testcase name="addCustomerTest" time="0.0" classname="pl.mwewerek.testcases.AddCustomerTest">
    <skipped/>
  </testcase> <!-- addCustomerTest -->
</testsuite> <!-- Add Customer Test -->
