<?xml version="1.0" encoding="UTF-8"?>
<testng-results skipped="1" failed="0" ignored="0" total="6" passed="5">
  <reporter-output>
  </reporter-output>
  <suite name="Data Driven Framework" duration-ms="6741" started-at="2021-07-02T19:04:23 CEST" finished-at="2021-07-02T19:04:30 CEST">
    <groups>
    </groups>
    <test name="Bank Manager Login Test" duration-ms="2090" started-at="2021-07-02T19:04:23 CEST" finished-at="2021-07-02T19:04:26 CEST">
      <class name="pl.mwewerek.testcases.BankManagerLoginTest">
        <test-method status="PASS" signature="bankManagerLoginTest()[pri:0, instance:pl.mwewerek.testcases.BankManagerLoginTest@272113c4]" name="bankManagerLoginTest" duration-ms="1840" started-at="2021-07-02T19:04:23 CEST" finished-at="2021-07-02T19:04:25 CEST">
          <reporter-output>
          </reporter-output>
        </test-method> <!-- bankManagerLoginTest -->
      </class> <!-- pl.mwewerek.testcases.BankManagerLoginTest -->
    </test> <!-- Bank Manager Login Test -->
    <test name="Add Customer Test" duration-ms="1674" started-at="2021-07-02T19:04:26 CEST" finished-at="2021-07-02T19:04:27 CEST">
      <class name="pl.mwewerek.testcases.AddCustomerTest">
        <test-method status="PASS" signature="addCustomerTest(java.util.Hashtable,java.lang.reflect.Method)[pri:0, instance:pl.mwewerek.testcases.AddCustomerTest@13e344d]" name="addCustomerTest" duration-ms="895" started-at="2021-07-02T19:04:26 CEST" data-provider="dataProvider" finished-at="2021-07-02T19:04:26 CEST">
          <params>
            <param index="0">
              <value>
                <![CDATA[{postCode=01-111, lastName=Wewerek, runMode=Y, firstName=Michal, alertText=Customer added successfully with customer id}]]>
              </value>
            </param>
            <param index="1">
              <value>
                <![CDATA[public void pl.mwewerek.testcases.AddCustomerTest.addCustomerTest(java.util.Hashtable,java.lang.reflect.Method) throws java.lang.InterruptedException]]>
              </value>
            </param>
          </params>
          <reporter-output>
          </reporter-output>
        </test-method> <!-- addCustomerTest -->
        <test-method status="PASS" signature="addCustomerTest(java.util.Hashtable,java.lang.reflect.Method)[pri:0, instance:pl.mwewerek.testcases.AddCustomerTest@13e344d]" name="addCustomerTest" duration-ms="293" started-at="2021-07-02T19:04:27 CEST" data-provider="dataProvider" finished-at="2021-07-02T19:04:27 CEST">
          <params>
            <param index="0">
              <value>
                <![CDATA[{postCode=01-222, lastName=Wewerek, runMode=Y, firstName=Marlena, alertText=Customer added successfully with customer id}]]>
              </value>
            </param>
            <param index="1">
              <value>
                <![CDATA[public void pl.mwewerek.testcases.AddCustomerTest.addCustomerTest(java.util.Hashtable,java.lang.reflect.Method) throws java.lang.InterruptedException]]>
              </value>
            </param>
          </params>
          <reporter-output>
          </reporter-output>
        </test-method> <!-- addCustomerTest -->
        <test-method status="PASS" signature="addCustomerTest(java.util.Hashtable,java.lang.reflect.Method)[pri:0, instance:pl.mwewerek.testcases.AddCustomerTest@13e344d]" name="addCustomerTest" duration-ms="332" started-at="2021-07-02T19:04:27 CEST" data-provider="dataProvider" finished-at="2021-07-02T19:04:27 CEST">
          <params>
            <param index="0">
              <value>
                <![CDATA[{postCode=01-333, lastName=Wewerek, runMode=Y, firstName=Mateusz, alertText=Customer added successfully with customer id}]]>
              </value>
            </param>
            <param index="1">
              <value>
                <![CDATA[public void pl.mwewerek.testcases.AddCustomerTest.addCustomerTest(java.util.Hashtable,java.lang.reflect.Method) throws java.lang.InterruptedException]]>
              </value>
            </param>
          </params>
          <reporter-output>
          </reporter-output>
        </test-method> <!-- addCustomerTest -->
        <test-method status="SKIP" signature="addCustomerTest(java.util.Hashtable,java.lang.reflect.Method)[pri:0, instance:pl.mwewerek.testcases.AddCustomerTest@13e344d]" name="addCustomerTest" duration-ms="0" started-at="2021-07-02T19:04:27 CEST" data-provider="dataProvider" finished-at="2021-07-02T19:04:27 CEST">
          <params>
            <param index="0">
              <value>
                <![CDATA[{postCode=01-444, lastName=Wewerek, runMode=N, firstName=Mariusz, alertText=Customer added successfully with customer id}]]>
              </value>
            </param>
            <param index="1">
              <value>
                <![CDATA[public void pl.mwewerek.testcases.AddCustomerTest.addCustomerTest(java.util.Hashtable,java.lang.reflect.Method) throws java.lang.InterruptedException]]>
              </value>
            </param>
          </params>
          <exception class="org.testng.SkipException">
            <message>
              <![CDATA[Skipping the test: addCustomerTest]]>
            </message>
            <full-stacktrace>
              <![CDATA[org.testng.SkipException: Skipping the test: addCustomerTest
at pl.mwewerek.testcases.AddCustomerTest.addCustomerTest(AddCustomerTest.java:21)
at sun.reflect.NativeMethodAccessorImpl.invoke0(Native Method)
at sun.reflect.NativeMethodAccessorImpl.invoke(NativeMethodAccessorImpl.java:62)
at sun.reflect.DelegatingMethodAccessorImpl.invoke(DelegatingMethodAccessorImpl.java:43)
at java.lang.reflect.Method.invoke(Method.java:498)
at org.testng.internal.MethodInvocationHelper.invokeMethod(MethodInvocationHelper.java:133)
at org.testng.internal.TestInvoker.invokeMethod(TestInvoker.java:598)
at org.testng.internal.TestInvoker.invokeTestMethod(TestInvoker.java:173)
at org.testng.internal.MethodRunner.runInSequence(MethodRunner.java:46)
at org.testng.internal.TestInvoker$MethodInvocationAgent.invoke(TestInvoker.java:824)
at org.testng.internal.TestInvoker.invokeTestMethods(TestInvoker.java:146)
at org.testng.internal.TestMethodWorker.invokeTestMethods(TestMethodWorker.java:146)
at org.testng.internal.TestMethodWorker.run(TestMethodWorker.java:128)
at java.util.ArrayList.forEach(ArrayList.java:1259)
at org.testng.TestRunner.privateRun(TestRunner.java:794)
at org.testng.TestRunner.run(TestRunner.java:596)
at org.testng.SuiteRunner.runTest(SuiteRunner.java:377)
at org.testng.SuiteRunner.runSequentially(SuiteRunner.java:371)
at org.testng.SuiteRunner.privateRun(SuiteRunner.java:332)
at org.testng.SuiteRunner.run(SuiteRunner.java:276)
at org.testng.SuiteRunnerWorker.runSuite(SuiteRunnerWorker.java:53)
at org.testng.SuiteRunnerWorker.run(SuiteRunnerWorker.java:96)
at org.testng.TestNG.runSuitesSequentially(TestNG.java:1212)
at org.testng.TestNG.runSuitesLocally(TestNG.java:1134)
at org.testng.TestNG.runSuites(TestNG.java:1063)
at org.testng.TestNG.run(TestNG.java:1031)
at org.apache.maven.surefire.testng.TestNGExecutor.run(TestNGExecutor.java:295)
at org.apache.maven.surefire.testng.TestNGXmlTestSuite.execute(TestNGXmlTestSuite.java:84)
at org.apache.maven.surefire.testng.TestNGProvider.invoke(TestNGProvider.java:90)
at org.apache.maven.surefire.booter.ForkedBooter.invokeProviderInSameClassLoader(ForkedBooter.java:203)
at org.apache.maven.surefire.booter.ForkedBooter.runSuitesInProcess(ForkedBooter.java:155)
at org.apache.maven.surefire.booter.ForkedBooter.main(ForkedBooter.java:103)
]]>
            </full-stacktrace>
          </exception> <!-- org.testng.SkipException -->
          <reporter-output>
          </reporter-output>
        </test-method> <!-- addCustomerTest -->
      </class> <!-- pl.mwewerek.testcases.AddCustomerTest -->
    </test> <!-- Add Customer Test -->
    <test name="Open Account Test" duration-ms="2958" started-at="2021-07-02T19:04:27 CEST" finished-at="2021-07-02T19:04:30 CEST">
      <class name="pl.mwewerek.testcases.OpenAccountTest">
        <test-method status="PASS" signature="setUp()[pri:0, instance:pl.mwewerek.testcases.OpenAccountTest@60099951]" name="setUp" is-config="true" duration-ms="6315" started-at="2021-07-02T19:04:17 CEST" finished-at="2021-07-02T19:04:23 CEST">
          <reporter-output>
          </reporter-output>
        </test-method> <!-- setUp -->
        <test-method status="PASS" signature="openAccountTest(java.util.Hashtable)[pri:0, instance:pl.mwewerek.testcases.OpenAccountTest@60099951]" name="openAccountTest" duration-ms="2917" started-at="2021-07-02T19:04:27 CEST" data-provider="dataProvider" finished-at="2021-07-02T19:04:30 CEST">
          <params>
            <param index="0">
              <value>
                <![CDATA[{currency=Dollar, customer=Michal Wewerek}]]>
              </value>
            </param>
          </params>
          <reporter-output>
          </reporter-output>
        </test-method> <!-- openAccountTest -->
        <test-method status="PASS" signature="tearDown()[pri:0, instance:pl.mwewerek.testcases.OpenAccountTest@60099951]" name="tearDown" is-config="true" duration-ms="663" started-at="2021-07-02T19:04:30 CEST" finished-at="2021-07-02T19:04:31 CEST">
          <reporter-output>
          </reporter-output>
        </test-method> <!-- tearDown -->
      </class> <!-- pl.mwewerek.testcases.OpenAccountTest -->
    </test> <!-- Open Account Test -->
  </suite> <!-- Data Driven Framework -->
</testng-results>
