<?xml version="1.0" encoding="UTF-8"?>
<testsuite name="Add Customer Test"
           tests="4"
           failures="0"
           errors="0"
           skipped="1"
           time="1.553">
  <properties />
  
            <testcase name="addCustomerTest" time="0.0" classname="pl.mwewerek.testcases.AddCustomerTest">
          <skipped />
    </testcase>
  
            <testcase name="addCustomerTest" time="0.963" classname="pl.mwewerek.testcases.AddCustomerTest" />
                <testcase name="addCustomerTest" time="0.288" classname="pl.mwewerek.testcases.AddCustomerTest" />
                <testcase name="addCustomerTest" time="0.301" classname="pl.mwewerek.testcases.AddCustomerTest" />
      
</testsuite>
