<?xml version="1.0" encoding="UTF-8"?>
<testsuite name="Add Customer Test"
           tests="4"
           failures="0"
           errors="0"
           skipped="1"
           time="1.520">
  <properties />
  
            <testcase name="addCustomerTest" time="0.0" classname="pl.mwewerek.testcases.AddCustomerTest">
          <skipped />
    </testcase>
  
            <testcase name="addCustomerTest" time="0.332" classname="pl.mwewerek.testcases.AddCustomerTest" />
                <testcase name="addCustomerTest" time="0.293" classname="pl.mwewerek.testcases.AddCustomerTest" />
                <testcase name="addCustomerTest" time="0.895" classname="pl.mwewerek.testcases.AddCustomerTest" />
      
</testsuite>
